Commit 2: add: project configuration and gitignore
Commit 3: add: mit license text
Commit 4: add: initial cargo package configuration
Commit 5: dep: add ratatui library to dependencies
Commit 6: dep: add crossterm library to dependencies
Commit 7: dep: add git2 library to dependencies
Commit 8: dep: add anyhow and chrono libraries
Commit 9: feat: declare modules for app, git, and ui
Commit 10: feat: implement basic terminal initialization
Commit 11: feat: add alternate screen toggling
Commit 12: feat: enable raw mode for command line interface
Commit 13: feat: configure mouse capture controls
Commit 14: feat: define GitRepo structure in git module
Commit 15: feat: implement repository discovery path logic
Commit 16: feat: define CommitInfo struct for commit metadata
Commit 17: feat: implement get_commits function in GitRepo
Commit 18: feat: configure revwalk sorting by topological/time
Commit 19: feat: implement commit parent ID retrieval
Commit 20: feat: extract and map references to OIDs
Commit 21: feat: format commit timestamps using chrono
Commit 22: feat: implement get_diff function signature
Commit 23: feat: fetch tree comparisons for diff generation
Commit 24: feat: format file addition differences
Commit 25: feat: format file deletion differences
Commit 26: feat: handle empty diffs for merge commits
Commit 27: feat: define ActivePane enum in app module
Commit 28: feat: define App core structure fields
Commit 29: feat: implement App constructor with path argument
Commit 30: feat: implement commit list refreshing method
Commit 31: feat: implement diff update request handler
Commit 32: feat: add commit list navigation (up/down)
Commit 33: feat: add diff scroll functionality (up/down)
Commit 34: feat: implement pane toggle mechanism
Commit 35: feat: add main event handling loop skeleton
Commit 36: feat: handle exit keys 'q' and 'Esc'
Commit 37: feat: route arrow key events to active pane
Commit 38: feat: render basic border layouts for panels
Commit 39: feat: display repository title in header block
Commit 40: feat: render scrollable commits list on left pane
Commit 41: feat: render active selected commit indicator
Commit 42: feat: render branches and tags next to commits
Commit 43: feat: display author name and time metadata
Commit 44: feat: render scrollable diff pane on right
Commit 45: feat: highlight code additions in green
Commit 46: feat: highlight code deletions in red
Commit 47: feat: render footer with active keybindings
Commit 48: refactor: optimize diff string memory usage
Commit 49: refactor: simplify layout rendering constraints
Commit 50: fix: handle empty git repositories gracefully
